[debug] [2025-07-20T06:19:14.084Z] ----------------------------------------------------------------------
[debug] [2025-07-20T06:19:14.087Z] Command:       /usr/bin/node /usr/local/bin/firebase init
[debug] [2025-07-20T06:19:14.088Z] CLI Version:   14.10.1
[debug] [2025-07-20T06:19:14.088Z] Platform:      linux
[debug] [2025-07-20T06:19:14.088Z] Node Version:  v20.19.2
[debug] [2025-07-20T06:19:14.088Z] Time:          Sun Jul 20 2025 11:19:14 GMT+0500 (Uzbekistan Standard Time)
[debug] [2025-07-20T06:19:14.089Z] ----------------------------------------------------------------------
[debug] 
[debug] [2025-07-20T06:19:14.091Z] >>> [apiv2][query] GET https://firebase-public.firebaseio.com/cli.json [none]
[debug] [2025-07-20T06:19:14.124Z] > command requires scopes: ["email","openid","https://www.googleapis.com/auth/cloudplatformprojects.readonly","https://www.googleapis.com/auth/firebase","https://www.googleapis.com/auth/cloud-platform"]
[debug] [2025-07-20T06:19:14.124Z] > authorizing via signed-in user (yuldashevotkirbek571@gmail.com)
[info] 
     ######## #### ########  ######## ########     ###     ######  ########
     ##        ##  ##     ## ##       ##     ##  ##   ##  ##       ##
     ######    ##  ########  ######   ########  #########  ######  ######
     ##        ##  ##    ##  ##       ##     ## ##     ##       ## ##
     ##       #### ##     ## ######## ########  ##     ##  ######  ########

You're about to initialize a Firebase project in this directory:

  /home/yuldashevotkirbek/Documents/vs code/19.07/moda-markazi-app

[debug] [2025-07-20T06:19:14.851Z] <<< [apiv2][status] GET https://firebase-public.firebaseio.com/cli.json 200
[debug] [2025-07-20T06:19:14.852Z] <<< [apiv2][body] GET https://firebase-public.firebaseio.com/cli.json {"cloudBuildErrorAfter":1594252800000,"cloudBuildWarnAfter":1590019200000,"defaultNode10After":1594252800000,"minVersion":"3.0.5","node8DeploysDisabledAfter":1613390400000,"node8RuntimeDisabledAfter":1615809600000,"node8WarnAfter":1600128000000}
[info] 
=== Project Setup
[info] 
[info] First, let's associate this project directory with a Firebase project.
[info] You can create multiple project aliases by running firebase use --add, 
[info] but for now we'll just set up a default project.
[info] 
[debug] [2025-07-20T06:20:55.704Z] ExitPromptError: User force closed the prompt with SIGINT
    at Interface.sigint (/usr/local/lib/node_modules/firebase-tools/node_modules/@inquirer/core/dist/commonjs/lib/create-prompt.js:101:37)
    at Interface.emit (node:events:524:28)
    at Interface.emit (node:domain:489:12)
    at [_ttyWrite] [as _ttyWrite] (node:internal/readline/interface:1125:18)
    at ReadStream.onkeypress (node:internal/readline/interface:264:20)
    at ReadStream.emit (node:events:536:35)
    at ReadStream.emit (node:domain:489:12)
    at emitKeys (node:internal/readline/utils:371:14)
    at emitKeys.next (<anonymous>)
    at ReadStream.onData (node:internal/readline/emitKeypressEvents:64:36)
[error] 
[error] Error: An unexpected error has occurred.
